# JRE version: OpenJDK Runtime Environment (8.0_112-b06) (build 1.8.0_112-release-b06)
# Java VM: OpenJDK 64-Bit Server VM (25.112-b06 mixed mode windows-amd64 compressed oops)
Heap:
 PSYoungGen      total 123392K, used 24264K [0x00000000e0000000, 0x00000000ea080000, 0x0000000100000000)
  eden space 115200K, 14% used [0x00000000e0000000,0x00000000e0fe0348,0x00000000e7080000)
  from space 8192K, 97% used [0x00000000e7400000,0x00000000e7bd1e78,0x00000000e7c00000)
  to   space 24576K, 0% used [0x00000000e8880000,0x00000000e8880000,0x00000000ea080000)
 ParOldGen       total 131072K, used 79098K [0x00000000a0000000, 0x00000000a8000000, 0x00000000e0000000)
  object space 131072K, 60% used [0x00000000a0000000,0x00000000a4d3e860,0x00000000a8000000)
 Metaspace       used 87642K, capacity 95106K, committed 95232K, reserved 1132544K
  class space    used 11232K, capacity 12274K, committed 12288K, reserved 1048576K
GC Heap History (10 events):
Event: 10096.766 GC heap before
{Heap before GC invocations=34 (full 3):
 PSYoungGen      total 152064K, used 151872K [0x00000000e0000000, 0x00000000ed000000, 0x0000000100000000)
  eden space 134656K, 100% used [0x00000000e0000000,0x00000000e8380000,0x00000000e8380000)
  from space 17408K, 98% used [0x00000000ebf00000,0x00000000ecfd0050,0x00000000ed000000)
  to   space 26624K, 0% used [0x00000000e9c00000,0x00000000e9c00000,0x00000000eb600000)
 ParOldGen       total 131072K, used 78590K [0x00000000a0000000, 0x00000000a8000000, 0x00000000e0000000)
  object space 131072K, 59% used [0x00000000a0000000,0x00000000a4cbf850,0x00000000a8000000)
 Metaspace       used 87424K, capacity 94714K, committed 94976K, reserved 1132544K
  class space    used 11215K, capacity 12256K, committed 12288K, reserved 1048576K
Event: 10096.776 GC heap after
Heap after GC invocations=34 (full 3):
 PSYoungGen      total 136704K, used 6039K [0x00000000e0000000, 0x00000000ebf80000, 0x0000000100000000)
  eden space 130560K, 0% used [0x00000000e0000000,0x00000000e0000000,0x00000000e7f80000)
  from space 6144K, 98% used [0x00000000e9c00000,0x00000000ea1e5e68,0x00000000ea200000)
  to   space 26624K, 0% used [0x00000000ea580000,0x00000000ea580000,0x00000000ebf80000)
 ParOldGen       total 131072K, used 78662K [0x00000000a0000000, 0x00000000a8000000, 0x00000000e0000000)
  object space 131072K, 60% used [0x00000000a0000000,0x00000000a4cd1850,0x00000000a8000000)
 Metaspace       used 87424K, capacity 94714K, committed 94976K, reserved 1132544K
  class space    used 11215K, capacity 12256K, committed 12288K, reserved 1048576K
}
Event: 10105.937 GC heap before
{Heap before GC invocations=35 (full 3):
 PSYoungGen      total 136704K, used 136599K [0x00000000e0000000, 0x00000000ebf80000, 0x0000000100000000)
  eden space 130560K, 100% used [0x00000000e0000000,0x00000000e7f80000,0x00000000e7f80000)
  from space 6144K, 98% used [0x00000000e9c00000,0x00000000ea1e5e68,0x00000000ea200000)
  to   space 26624K, 0% used [0x00000000ea580000,0x00000000ea580000,0x00000000ebf80000)
 ParOldGen       total 131072K, used 78662K [0x00000000a0000000, 0x00000000a8000000, 0x00000000e0000000)
  object space 131072K, 60% used [0x00000000a0000000,0x00000000a4cd1850,0x00000000a8000000)
 Metaspace       used 87473K, capacity 94786K, committed 94976K, reserved 1132544K
  class space    used 11215K, capacity 12256K, committed 12288K, reserved 1048576K
Event: 10105.947 GC heap after
Heap after GC invocations=35 (full 3):
 PSYoungGen      total 136704K, used 8123K [0x00000000e0000000, 0x00000000eaf80000, 0x0000000100000000)
  eden space 126464K, 0% used [0x00000000e0000000,0x00000000e0000000,0x00000000e7b80000)
  from space 10240K, 79% used [0x00000000ea580000,0x00000000ead6eca8,0x00000000eaf80000)
  to   space 26624K, 0% used [0x00000000e7b80000,0x00000000e7b80000,0x00000000e9580000)
 ParOldGen       total 131072K, used 78742K [0x00000000a0000000, 0x00000000a8000000, 0x00000000e0000000)
  object space 131072K, 60% used [0x00000000a0000000,0x00000000a4ce5850,0x00000000a8000000)
 Metaspace       used 87473K, capacity 94786K, committed 94976K, reserved 1132544K
  class space    used 11215K, capacity 12256K, committed 12288K, reserved 1048576K
}
Event: 10244.346 GC heap before
{Heap before GC invocations=36 (full 3):
 PSYoungGen      total 136704K, used 134587K [0x00000000e0000000, 0x00000000eaf80000, 0x0000000100000000)
  eden space 126464K, 100% used [0x00000000e0000000,0x00000000e7b80000,0x00000000e7b80000)
  from space 10240K, 79% used [0x00000000ea580000,0x00000000ead6eca8,0x00000000eaf80000)
  to   space 26624K, 0% used [0x00000000e7b80000,0x00000000e7b80000,0x00000000e9580000)
 ParOldGen       total 131072K, used 78742K [0x00000000a0000000, 0x00000000a8000000, 0x00000000e0000000)
  object space 131072K, 60% used [0x00000000a0000000,0x00000000a4ce5850,0x00000000a8000000)
 Metaspace       used 87530K, capacity 94874K, committed 94976K, reserved 1132544K
  class space    used 11223K, capacity 12264K, committed 12288K, reserved 1048576K
Event: 10244.358 GC heap after
Heap after GC invocations=36 (full 3):
 PSYoungGen      total 130048K, used 7591K [0x00000000e0000000, 0x00000000eaa80000, 0x0000000100000000)
  eden space 122368K, 0% used [0x00000000e0000000,0x00000000e0000000,0x00000000e7780000)
  from space 7680K, 98% used [0x00000000e7b80000,0x00000000e82e9e58,0x00000000e8300000)
  to   space 26112K, 0% used [0x00000000e9100000,0x00000000e9100000,0x00000000eaa80000)
 ParOldGen       total 131072K, used 78846K [0x00000000a0000000, 0x00000000a8000000, 0x00000000e0000000)
  object space 131072K, 60% used [0x00000000a0000000,0x00000000a4cff850,0x00000000a8000000)
 Metaspace       used 87530K, capacity 94874K, committed 94976K, reserved 1132544K
  class space    used 11223K, capacity 12264K, committed 12288K, reserved 1048576K
}
Event: 10254.738 GC heap before
{Heap before GC invocations=37 (full 3):
 PSYoungGen      total 130048K, used 129959K [0x00000000e0000000, 0x00000000eaa80000, 0x0000000100000000)
  eden space 122368K, 100% used [0x00000000e0000000,0x00000000e7780000,0x00000000e7780000)
  from space 7680K, 98% used [0x00000000e7b80000,0x00000000e82e9e58,0x00000000e8300000)
  to   space 26112K, 0% used [0x00000000e9100000,0x00000000e9100000,0x00000000eaa80000)
 ParOldGen       total 131072K, used 78846K [0x00000000a0000000, 0x00000000a8000000, 0x00000000e0000000)
  object space 131072K, 60% used [0x00000000a0000000,0x00000000a4cff850,0x00000000a8000000)
 Metaspace       used 87576K, capacity 94944K, committed 94976K, reserved 1132544K
  class space    used 11223K, capacity 12265K, committed 12288K, reserved 1048576K
Event: 10254.753 GC heap after
Heap after GC invocations=37 (full 3):
 PSYoungGen      total 140288K, used 8392K [0x00000000e0000000, 0x00000000ea600000, 0x0000000100000000)
  eden space 118784K, 0% used [0x00000000e0000000,0x00000000e0000000,0x00000000e7400000)
  from space 21504K, 39% used [0x00000000e9100000,0x00000000e9932080,0x00000000ea600000)
  to   space 25600K, 0% used [0x00000000e7400000,0x00000000e7400000,0x00000000e8d00000)
 ParOldGen       total 131072K, used 79042K [0x00000000a0000000, 0x00000000a8000000, 0x00000000e0000000)
  object space 131072K, 60% used [0x00000000a0000000,0x00000000a4d30860,0x00000000a8000000)
 Metaspace       used 87576K, capacity 94944K, committed 94976K, reserved 1132544K
  class space    used 11223K, capacity 12265K, committed 12288K, reserved 1048576K
}
Event: 10701.400 GC heap before
{Heap before GC invocations=38 (full 3):
 PSYoungGen      total 140288K, used 127176K [0x00000000e0000000, 0x00000000ea600000, 0x0000000100000000)
  eden space 118784K, 100% used [0x00000000e0000000,0x00000000e7400000,0x00000000e7400000)
  from space 21504K, 39% used [0x00000000e9100000,0x00000000e9932080,0x00000000ea600000)
  to   space 25600K, 0% used [0x00000000e7400000,0x00000000e7400000,0x00000000e8d00000)
 ParOldGen       total 131072K, used 79042K [0x00000000a0000000, 0x00000000a8000000, 0x00000000e0000000)
  object space 131072K, 60% used [0x00000000a0000000,0x00000000a4d30860,0x00000000a8000000)
 Metaspace       used 87639K, capacity 95106K, committed 95232K, reserved 1132544K
  class space    used 11232K, capacity 12274K, committed 12288K, reserved 1048576K
Event: 10701.409 GC heap after
Heap after GC invocations=38 (full 3):
 PSYoungGen      total 123392K, used 8007K [0x00000000e0000000, 0x00000000ea080000, 0x0000000100000000)
  eden space 115200K, 0% used [0x00000000e0000000,0x00000000e0000000,0x00000000e7080000)
  from space 8192K, 97% used [0x00000000e7400000,0x00000000e7bd1e78,0x00000000e7c00000)
  to   space 24576K, 0% used [0x00000000e8880000,0x00000000e8880000,0x00000000ea080000)
 ParOldGen       total 131072K, used 79098K [0x00000000a0000000, 0x00000000a8000000, 0x00000000e0000000)
  object space 131072K, 60% used [0x00000000a0000000,0x00000000a4d3e860,0x00000000a8000000)
 Metaspace       used 87639K, capacity 95106K, committed 95232K, reserved 1132544K
  class space    used 11232K, capacity 12274K, committed 12288K, reserved 1048576K
}

